  Application.c
c:\csci\3161\assignment 1\assignment 1\application.c(65): warning C4244: “=”: 从“int”转换到“GLfloat”，可能丢失数据
c:\csci\3161\assignment 1\assignment 1\application.c(66): warning C4244: “=”: 从“int”转换到“GLfloat”，可能丢失数据
c:\csci\3161\assignment 1\assignment 1\application.c(80): warning C4244: “=”: 从“int”转换到“GLfloat”，可能丢失数据
c:\csci\3161\assignment 1\assignment 1\application.c(85): warning C4244: “=”: 从“int”转换到“GLfloat”，可能丢失数据
c:\csci\3161\assignment 1\assignment 1\application.c(119): warning C4305: “+=”: 从“double”到“GLfloat”截断
c:\csci\3161\assignment 1\assignment 1\application.c(130): warning C4305: “+=”: 从“double”到“GLfloat”截断
c:\csci\3161\assignment 1\assignment 1\application.c(136): warning C4305: “+=”: 从“double”到“GLfloat”截断
c:\csci\3161\assignment 1\assignment 1\application.c(142): warning C4305: “+=”: 从“double”到“GLfloat”截断
c:\csci\3161\assignment 1\assignment 1\application.c(148): warning C4305: “+=”: 从“double”到“GLfloat”截断
c:\csci\3161\assignment 1\assignment 1\application.c(154): warning C4305: “+=”: 从“double”到“GLfloat”截断
c:\csci\3161\assignment 1\assignment 1\application.c(160): warning C4305: “+=”: 从“double”到“GLfloat”截断
c:\csci\3161\assignment 1\assignment 1\application.c(166): warning C4305: “+=”: 从“double”到“GLfloat”截断
c:\csci\3161\assignment 1\assignment 1\application.c(172): warning C4305: “+=”: 从“double”到“GLfloat”截断
c:\csci\3161\assignment 1\assignment 1\application.c(178): warning C4305: “+=”: 从“double”到“GLfloat”截断
c:\csci\3161\assignment 1\assignment 1\application.c(184): warning C4305: “+=”: 从“double”到“GLfloat”截断
c:\csci\3161\assignment 1\assignment 1\application.c(193): warning C4305: “+=”: 从“double”到“GLfloat”截断
c:\csci\3161\assignment 1\assignment 1\application.c(213): warning C4244: “函数”: 从“time_t”转换到“unsigned int”，可能丢失数据
c:\csci\3161\assignment 1\assignment 1\application.c(255): warning C4244: “初始化”: 从“double”转换到“GLfloat”，可能丢失数据
c:\csci\3161\assignment 1\assignment 1\application.c(256): warning C4244: “初始化”: 从“double”转换到“GLfloat”，可能丢失数据
c:\csci\3161\assignment 1\assignment 1\application.c(286): warning C4305: “函数”: 从“double”到“GLfloat”截断
c:\csci\3161\assignment 1\assignment 1\application.c(295): warning C4305: “函数”: 从“double”到“GLfloat”截断
c:\csci\3161\assignment 1\assignment 1\application.c(304): warning C4305: “函数”: 从“double”到“GLfloat”截断
c:\csci\3161\assignment 1\assignment 1\application.c(313): warning C4305: “函数”: 从“double”到“GLfloat”截断
c:\csci\3161\assignment 1\assignment 1\application.c(322): warning C4305: “函数”: 从“double”到“GLfloat”截断
c:\csci\3161\assignment 1\assignment 1\application.c(331): warning C4305: “函数”: 从“double”到“GLfloat”截断
c:\csci\3161\assignment 1\assignment 1\application.c(340): warning C4305: “函数”: 从“double”到“GLfloat”截断
c:\csci\3161\assignment 1\assignment 1\application.c(348): warning C4305: “函数”: 从“double”到“GLfloat”截断
c:\csci\3161\assignment 1\assignment 1\application.c(352): warning C4305: “函数”: 从“double”到“GLfloat”截断
c:\csci\3161\assignment 1\assignment 1\application.c(356): warning C4305: “函数”: 从“double”到“GLfloat”截断
c:\csci\3161\assignment 1\assignment 1\application.c(422): warning C4244: “函数”: 从“GLfloat”转换到“GLint”，可能丢失数据
c:\csci\3161\assignment 1\assignment 1\application.c(424): warning C4244: “函数”: 从“GLfloat”转换到“GLint”，可能丢失数据
c:\csci\3161\assignment 1\assignment 1\application.c(426): warning C4244: “函数”: 从“GLfloat”转换到“GLint”，可能丢失数据
c:\csci\3161\assignment 1\assignment 1\application.c(428): warning C4244: “函数”: 从“GLfloat”转换到“GLint”，可能丢失数据
c:\csci\3161\assignment 1\assignment 1\application.c(430): warning C4244: “函数”: 从“GLfloat”转换到“GLint”，可能丢失数据
c:\csci\3161\assignment 1\assignment 1\application.c(435): warning C4244: “函数”: 从“GLfloat”转换到“GLint”，可能丢失数据
c:\csci\3161\assignment 1\assignment 1\application.c(437): warning C4244: “函数”: 从“GLfloat”转换到“GLint”，可能丢失数据
c:\csci\3161\assignment 1\assignment 1\application.c(439): warning C4244: “函数”: 从“GLfloat”转换到“GLint”，可能丢失数据
c:\csci\3161\assignment 1\assignment 1\application.c(441): warning C4244: “函数”: 从“GLfloat”转换到“GLint”，可能丢失数据
c:\csci\3161\assignment 1\assignment 1\application.c(443): warning C4244: “函数”: 从“GLfloat”转换到“GLint”，可能丢失数据
c:\csci\3161\assignment 1\assignment 1\application.c(445): warning C4244: “函数”: 从“GLfloat”转换到“GLint”，可能丢失数据
c:\csci\3161\assignment 1\assignment 1\application.c(450): warning C4244: “函数”: 从“GLfloat”转换到“GLint”，可能丢失数据
c:\csci\3161\assignment 1\assignment 1\application.c(452): warning C4244: “函数”: 从“GLfloat”转换到“GLint”，可能丢失数据
c:\csci\3161\assignment 1\assignment 1\application.c(454): warning C4244: “函数”: 从“GLfloat”转换到“GLint”，可能丢失数据
c:\csci\3161\assignment 1\assignment 1\application.c(456): warning C4244: “函数”: 从“GLfloat”转换到“GLint”，可能丢失数据
c:\csci\3161\assignment 1\assignment 1\application.c(458): warning C4244: “函数”: 从“GLfloat”转换到“GLint”，可能丢失数据
c:\csci\3161\assignment 1\assignment 1\application.c(463): warning C4305: “函数”: 从“double”到“GLfloat”截断
c:\csci\3161\assignment 1\assignment 1\application.c(470): warning C4305: “函数”: 从“double”到“GLfloat”截断
c:\csci\3161\assignment 1\assignment 1\application.c(485): warning C4305: “函数”: 从“double”到“GLfloat”截断
c:\csci\3161\assignment 1\assignment 1\application.c(492): warning C4305: “函数”: 从“double”到“GLfloat”截断
c:\csci\3161\assignment 1\assignment 1\application.c(496): warning C4305: “函数”: 从“double”到“GLfloat”截断
c:\csci\3161\assignment 1\assignment 1\application.c(503): warning C4244: “函数”: 从“double”转换到“GLint”，可能丢失数据
c:\csci\3161\assignment 1\assignment 1\application.c(505): warning C4244: “函数”: 从“double”转换到“GLint”，可能丢失数据
c:\csci\3161\assignment 1\assignment 1\application.c(506): warning C4244: “函数”: 从“double”转换到“GLint”，可能丢失数据
c:\csci\3161\assignment 1\assignment 1\application.c(508): warning C4244: “函数”: 从“double”转换到“GLint”，可能丢失数据
c:\csci\3161\assignment 1\assignment 1\application.c(513): warning C4244: “函数”: 从“double”转换到“GLint”，可能丢失数据
c:\csci\3161\assignment 1\assignment 1\application.c(515): warning C4244: “函数”: 从“double”转换到“GLint”，可能丢失数据
c:\csci\3161\assignment 1\assignment 1\application.c(516): warning C4244: “函数”: 从“double”转换到“GLint”，可能丢失数据
c:\csci\3161\assignment 1\assignment 1\application.c(518): warning C4244: “函数”: 从“double”转换到“GLint”，可能丢失数据
c:\csci\3161\assignment 1\assignment 1\application.c(523): warning C4244: “函数”: 从“double”转换到“GLint”，可能丢失数据
c:\csci\3161\assignment 1\assignment 1\application.c(525): warning C4244: “函数”: 从“double”转换到“GLint”，可能丢失数据
c:\csci\3161\assignment 1\assignment 1\application.c(526): warning C4244: “函数”: 从“double”转换到“GLint”，可能丢失数据
c:\csci\3161\assignment 1\assignment 1\application.c(528): warning C4244: “函数”: 从“double”转换到“GLint”，可能丢失数据
c:\csci\3161\assignment 1\assignment 1\application.c(533): warning C4244: “函数”: 从“double”转换到“GLint”，可能丢失数据
c:\csci\3161\assignment 1\assignment 1\application.c(535): warning C4244: “函数”: 从“double”转换到“GLint”，可能丢失数据
c:\csci\3161\assignment 1\assignment 1\application.c(536): warning C4244: “函数”: 从“double”转换到“GLint”，可能丢失数据
c:\csci\3161\assignment 1\assignment 1\application.c(538): warning C4244: “函数”: 从“double”转换到“GLint”，可能丢失数据
c:\csci\3161\assignment 1\assignment 1\application.c(545): warning C4305: “函数”: 从“double”到“GLfloat”截断
c:\csci\3161\assignment 1\assignment 1\application.c(552): warning C4305: “函数”: 从“double”到“GLfloat”截断
c:\csci\3161\assignment 1\assignment 1\application.c(562): warning C4305: “+=”: 从“double”到“GLfloat”截断
c:\csci\3161\assignment 1\assignment 1\application.c(572): warning C4305: “+=”: 从“double”到“GLfloat”截断
c:\csci\3161\assignment 1\assignment 1\application.c(582): warning C4305: “+=”: 从“double”到“GLfloat”截断
c:\csci\3161\assignment 1\assignment 1\application.c(592): warning C4305: “+=”: 从“double”到“GLfloat”截断
c:\csci\3161\assignment 1\assignment 1\application.c(602): warning C4305: “+=”: 从“double”到“GLfloat”截断
c:\csci\3161\assignment 1\assignment 1\application.c(612): warning C4305: “+=”: 从“double”到“GLfloat”截断
c:\csci\3161\assignment 1\assignment 1\application.c(622): warning C4305: “+=”: 从“double”到“GLfloat”截断
c:\csci\3161\assignment 1\assignment 1\application.c(632): warning C4305: “+=”: 从“double”到“GLfloat”截断
c:\csci\3161\assignment 1\assignment 1\application.c(642): warning C4305: “+=”: 从“double”到“GLfloat”截断
c:\csci\3161\assignment 1\assignment 1\application.c(652): warning C4305: “+=”: 从“double”到“GLfloat”截断
c:\csci\3161\assignment 1\assignment 1\application.c(677): warning C4244: “函数”: 从“GLfloat”转换到“GLint”，可能丢失数据
c:\csci\3161\assignment 1\assignment 1\application.c(679): warning C4244: “函数”: 从“GLfloat”转换到“GLint”，可能丢失数据
c:\csci\3161\assignment 1\assignment 1\application.c(670): warning C4244: “初始化”: 从“double”转换到“int”，可能丢失数据
c:\csci\3161\assignment 1\assignment 1\application.c(671): warning C4244: “初始化”: 从“double”转换到“int”，可能丢失数据
c:\csci\3161\assignment 1\assignment 1\application.c(692): warning C4244: “函数”: 从“GLfloat”转换到“GLint”，可能丢失数据
c:\csci\3161\assignment 1\assignment 1\application.c(694): warning C4244: “函数”: 从“GLfloat”转换到“GLint”，可能丢失数据
c:\csci\3161\assignment 1\assignment 1\application.c(685): warning C4244: “初始化”: 从“double”转换到“int”，可能丢失数据
c:\csci\3161\assignment 1\assignment 1\application.c(686): warning C4244: “初始化”: 从“double”转换到“int”，可能丢失数据
c:\csci\3161\assignment 1\assignment 1\application.c(707): warning C4244: “函数”: 从“GLfloat”转换到“GLint”，可能丢失数据
c:\csci\3161\assignment 1\assignment 1\application.c(709): warning C4244: “函数”: 从“GLfloat”转换到“GLint”，可能丢失数据
c:\csci\3161\assignment 1\assignment 1\application.c(700): warning C4244: “初始化”: 从“double”转换到“int”，可能丢失数据
c:\csci\3161\assignment 1\assignment 1\application.c(701): warning C4244: “初始化”: 从“double”转换到“int”，可能丢失数据
c:\csci\3161\assignment 1\assignment 1\application.c(722): warning C4244: “函数”: 从“GLfloat”转换到“GLint”，可能丢失数据
c:\csci\3161\assignment 1\assignment 1\application.c(724): warning C4244: “函数”: 从“GLfloat”转换到“GLint”，可能丢失数据
c:\csci\3161\assignment 1\assignment 1\application.c(715): warning C4244: “初始化”: 从“double”转换到“int”，可能丢失数据
c:\csci\3161\assignment 1\assignment 1\application.c(716): warning C4244: “初始化”: 从“double”转换到“int”，可能丢失数据
c:\csci\3161\assignment 1\assignment 1\application.c(737): warning C4244: “函数”: 从“GLfloat”转换到“GLint”，可能丢失数据
c:\csci\3161\assignment 1\assignment 1\application.c(739): warning C4244: “函数”: 从“GLfloat”转换到“GLint”，可能丢失数据
c:\csci\3161\assignment 1\assignment 1\application.c(730): warning C4244: “初始化”: 从“double”转换到“int”，可能丢失数据
c:\csci\3161\assignment 1\assignment 1\application.c(731): warning C4244: “初始化”: 从“double”转换到“int”，可能丢失数据
c:\csci\3161\assignment 1\assignment 1\application.c(752): warning C4244: “函数”: 从“GLfloat”转换到“GLint”，可能丢失数据
c:\csci\3161\assignment 1\assignment 1\application.c(754): warning C4244: “函数”: 从“GLfloat”转换到“GLint”，可能丢失数据
c:\csci\3161\assignment 1\assignment 1\application.c(745): warning C4244: “初始化”: 从“double”转换到“int”，可能丢失数据
c:\csci\3161\assignment 1\assignment 1\application.c(746): warning C4244: “初始化”: 从“double”转换到“int”，可能丢失数据
c:\csci\3161\assignment 1\assignment 1\application.c(766): warning C4305: “函数”: 从“double”到“GLfloat”截断
c:\csci\3161\assignment 1\assignment 1\application.c(767): warning C4244: “函数”: 从“GLfloat”转换到“GLint”，可能丢失数据
c:\csci\3161\assignment 1\assignment 1\application.c(769): warning C4244: “函数”: 从“GLfloat”转换到“GLint”，可能丢失数据
c:\csci\3161\assignment 1\assignment 1\application.c(760): warning C4244: “初始化”: 从“double”转换到“int”，可能丢失数据
c:\csci\3161\assignment 1\assignment 1\application.c(761): warning C4244: “初始化”: 从“double”转换到“int”，可能丢失数据
c:\csci\3161\assignment 1\assignment 1\application.c(782): warning C4244: “函数”: 从“GLfloat”转换到“GLint”，可能丢失数据
c:\csci\3161\assignment 1\assignment 1\application.c(784): warning C4244: “函数”: 从“GLfloat”转换到“GLint”，可能丢失数据
c:\csci\3161\assignment 1\assignment 1\application.c(775): warning C4244: “初始化”: 从“double”转换到“int”，可能丢失数据
c:\csci\3161\assignment 1\assignment 1\application.c(776): warning C4244: “初始化”: 从“double”转换到“int”，可能丢失数据
c:\csci\3161\assignment 1\assignment 1\application.c(796): warning C4305: “函数”: 从“double”到“GLfloat”截断
c:\csci\3161\assignment 1\assignment 1\application.c(797): warning C4244: “函数”: 从“GLfloat”转换到“GLint”，可能丢失数据
c:\csci\3161\assignment 1\assignment 1\application.c(799): warning C4244: “函数”: 从“GLfloat”转换到“GLint”，可能丢失数据
c:\csci\3161\assignment 1\assignment 1\application.c(790): warning C4244: “初始化”: 从“double”转换到“int”，可能丢失数据
c:\csci\3161\assignment 1\assignment 1\application.c(791): warning C4244: “初始化”: 从“double”转换到“int”，可能丢失数据
c:\csci\3161\assignment 1\assignment 1\application.c(811): warning C4305: “函数”: 从“double”到“GLfloat”截断
c:\csci\3161\assignment 1\assignment 1\application.c(812): warning C4244: “函数”: 从“GLfloat”转换到“GLint”，可能丢失数据
c:\csci\3161\assignment 1\assignment 1\application.c(814): warning C4244: “函数”: 从“GLfloat”转换到“GLint”，可能丢失数据
c:\csci\3161\assignment 1\assignment 1\application.c(805): warning C4244: “初始化”: 从“double”转换到“int”，可能丢失数据
c:\csci\3161\assignment 1\assignment 1\application.c(806): warning C4244: “初始化”: 从“double”转换到“int”，可能丢失数据
  Assignment 1.vcxproj -> C:\CSCI\3161\Assignment 1\Debug\Assignment 1.exe
